temp_gradle/launcher/build/intermediates/manifest_merge_blame_file/release/manifest-merger-blame-release-report.txt
1<?xml version="1.0" encoding="utf-8"?>
2<!-- GENERATED BY UNITY. REMOVE THIS COMMENT TO PREVENT OVERWRITING WHEN EXPORTING AGAIN -->
3<manifest xmlns:android="http://schemas.android.com/apk/res/android"
4    package="com.DefaultCompany.test"
5    android:installLocation="preferExternal"
6    android:versionCode="1"
7    android:versionName="1.0" >
8
9    <uses-sdk
10        android:minSdkVersion="19"
10-->src\main\AndroidManifest.xml
11        android:targetSdkVersion="29" />
11-->src\main\AndroidManifest.xml
12
13    <supports-screens
13-->src\main\AndroidManifest.xml:4:3-163
14        android:anyDensity="true"
14-->src\main\AndroidManifest.xml:4:135-160
15        android:largeScreens="true"
15-->src\main\AndroidManifest.xml:4:78-105
16        android:normalScreens="true"
16-->src\main\AndroidManifest.xml:4:49-77
17        android:smallScreens="true"
17-->src\main\AndroidManifest.xml:4:21-48
18        android:xlargeScreens="true" />
18-->src\main\AndroidManifest.xml:4:106-134
19
20    <uses-permission android:name="android.permission.ACCESS_NETWORK_STATE" />
20-->src\main\AndroidManifest.xml:8:3-77
20-->src\main\AndroidManifest.xml:8:20-74
21    <uses-permission android:name="android.permission.INTERNET" />
21-->src\main\AndroidManifest.xml:9:3-65
21-->src\main\AndroidManifest.xml:9:20-62
22
23    <uses-feature android:glEsVersion="0x00030000" />
23-->[:unityLibrary] AndroidManifest.xml:13:5-54
23-->[:unityLibrary] AndroidManifest.xml:13:19-51
24    <uses-feature
24-->[:unityLibrary] AndroidManifest.xml:14:5-16:36
25        android:name="android.hardware.vulkan.version"
25-->[:unityLibrary] AndroidManifest.xml:15:9-55
26        android:required="false" />
26-->[:unityLibrary] AndroidManifest.xml:16:9-33
27    <uses-feature
27-->[:unityLibrary] AndroidManifest.xml:17:5-19:36
28        android:name="android.hardware.touchscreen"
28-->[:unityLibrary] AndroidManifest.xml:18:9-52
29        android:required="false" />
29-->[:unityLibrary] AndroidManifest.xml:19:9-33
30    <uses-feature
30-->[:unityLibrary] AndroidManifest.xml:20:5-22:36
31        android:name="android.hardware.touchscreen.multitouch"
31-->[:unityLibrary] AndroidManifest.xml:21:9-63
32        android:required="false" />
32-->[:unityLibrary] AndroidManifest.xml:22:9-33
33    <uses-feature
33-->[:unityLibrary] AndroidManifest.xml:23:5-25:36
34        android:name="android.hardware.touchscreen.multitouch.distinct"
34-->[:unityLibrary] AndroidManifest.xml:24:9-72
35        android:required="false" />
35-->[:unityLibrary] AndroidManifest.xml:25:9-33
36
37    <queries>
37-->[:androidx.media2.media2-session-1.1.3:] AndroidManifest.xml:24:5-34:15
38        <intent>
38-->[:androidx.media2.media2-session-1.1.3:] AndroidManifest.xml:25:9-27:18
39            <action android:name="android.media.browse.MediaBrowserService" />
39-->[:androidx.media2.media2-session-1.1.3:] AndroidManifest.xml:26:13-79
39-->[:androidx.media2.media2-session-1.1.3:] AndroidManifest.xml:26:21-76
40        </intent>
41        <intent>
41-->[:androidx.media2.media2-session-1.1.3:] AndroidManifest.xml:25:9-27:18
42            <action android:name="androidx.media2.session.MediaSessionService" />
43        </intent>
44        <intent>
44-->[:androidx.media2.media2-session-1.1.3:] AndroidManifest.xml:25:9-27:18
45            <action android:name="androidx.media2.session.MediaLibraryService" />
46        </intent>
47    </queries>
48
49    <uses-permission android:name="android.permission.ACCESS_COARSE_LOCATION" />
49-->[:com.mopub.mopub-sdk-base-5.17.0:] AndroidManifest.xml:12:5-81
49-->[:com.mopub.mopub-sdk-base-5.17.0:] AndroidManifest.xml:12:22-78
50    <uses-permission android:name="android.permission.ACCESS_WIFI_STATE" />
50-->[:com.mopub.omsdk-android-1.3.16:] AndroidManifest.xml:12:5-76
50-->[:com.mopub.omsdk-android-1.3.16:] AndroidManifest.xml:12:22-73
51
52    <application
52-->src\main\AndroidManifest.xml:5:3-7:17
53        android:appComponentFactory="androidx.core.app.CoreComponentFactory"
53-->[:androidx.core.core-1.3.0:] AndroidManifest.xml:24:18-86
54        android:extractNativeLibs="true"
54-->src\main\AndroidManifest.xml:5:16-48
55        android:icon="@mipmap/app_icon"
55-->src\main\AndroidManifest.xml:5:82-113
56        android:label="@string/app_name"
56-->src\main\AndroidManifest.xml:5:49-81
57        android:networkSecurityConfig="@xml/network_security_config" >
57-->[:unityLibrary] AndroidManifest.xml:27:18-78
58        <meta-data
58-->src\main\AndroidManifest.xml:6:5-79
59            android:name="unity.builder"
59-->src\main\AndroidManifest.xml:6:16-44
60            android:value="\12369974253386" />
60-->src\main\AndroidManifest.xml:6:45-76
61
62        <activity
62-->[:unityLibrary] AndroidManifest.xml:28:9-47:20
63            android:name="com.unity3d.player.UnityPlayerActivity"
63-->[:unityLibrary] AndroidManifest.xml:29:13-66
64            android:configChanges="mcc|mnc|locale|touchscreen|keyboard|keyboardHidden|navigation|orientation|screenLayout|uiMode|screenSize|smallestScreenSize|fontScale|layoutDirection|density"
64-->[:unityLibrary] AndroidManifest.xml:30:13-194
65            android:hardwareAccelerated="false"
65-->[:unityLibrary] AndroidManifest.xml:31:13-48
66            android:launchMode="singleTask"
66-->[:unityLibrary] AndroidManifest.xml:32:13-44
67            android:screenOrientation="fullSensor"
67-->[:unityLibrary] AndroidManifest.xml:33:13-51
68            android:theme="@style/UnityThemeSelector" >
68-->[:unityLibrary] AndroidManifest.xml:34:13-54
69            <intent-filter>
69-->[:unityLibrary] AndroidManifest.xml:35:13-39:29
70                <action android:name="android.intent.action.MAIN" />
70-->[:unityLibrary] AndroidManifest.xml:36:17-69
70-->[:unityLibrary] AndroidManifest.xml:36:25-66
71
72                <category android:name="android.intent.category.LAUNCHER" />
72-->[:unityLibrary] AndroidManifest.xml:38:17-77
72-->[:unityLibrary] AndroidManifest.xml:38:27-74
73            </intent-filter>
74
75            <meta-data
75-->[:unityLibrary] AndroidManifest.xml:41:13-43:40
76                android:name="unityplayer.UnityActivity"
76-->[:unityLibrary] AndroidManifest.xml:42:17-57
77                android:value="true" />
77-->[:unityLibrary] AndroidManifest.xml:43:17-37
78            <meta-data
78-->[:unityLibrary] AndroidManifest.xml:44:13-46:40
79                android:name="android.notch_support"
79-->[:unityLibrary] AndroidManifest.xml:45:17-53
80                android:value="true" />
80-->[:unityLibrary] AndroidManifest.xml:46:17-37
81        </activity>
82
83        <meta-data
83-->[:unityLibrary] AndroidManifest.xml:49:9-51:33
84            android:name="unity.splash-mode"
84-->[:unityLibrary] AndroidManifest.xml:50:13-45
85            android:value="0" />
85-->[:unityLibrary] AndroidManifest.xml:51:13-30
86        <meta-data
86-->[:unityLibrary] AndroidManifest.xml:52:9-54:36
87            android:name="unity.splash-enable"
87-->[:unityLibrary] AndroidManifest.xml:53:13-47
88            android:value="True" />
88-->[:unityLibrary] AndroidManifest.xml:54:13-33
89        <meta-data
89-->[:unityLibrary] AndroidManifest.xml:55:9-57:50
90            android:name="notch.config"
90-->[:unityLibrary] AndroidManifest.xml:56:13-40
91            android:value="portrait|landscape" />
91-->[:unityLibrary] AndroidManifest.xml:57:13-47
92        <meta-data
92-->[:unityLibrary] AndroidManifest.xml:58:9-60:68
93            android:name="unity.build-id"
93-->[:unityLibrary] AndroidManifest.xml:59:13-42
94            android:value="b5cdc5a2-9945-465d-b7d1-dd57379b4b5a" />
94-->[:unityLibrary] AndroidManifest.xml:60:13-65
95
96        <activity
96-->[:com.mopub.mopub-sdk-base-5.17.0:] AndroidManifest.xml:16:9-19:59
97            android:name="com.mopub.common.MoPubBrowser"
97-->[:com.mopub.mopub-sdk-base-5.17.0:] AndroidManifest.xml:17:13-57
98            android:configChanges="keyboardHidden|orientation|screenSize"
98-->[:com.mopub.mopub-sdk-base-5.17.0:] AndroidManifest.xml:18:13-74
99            android:theme="@style/MoPubFullscreenTheme" />
99-->[:com.mopub.mopub-sdk-base-5.17.0:] AndroidManifest.xml:19:13-56
100        <activity
100-->[:com.mopub.mopub-sdk-base-5.17.0:] AndroidManifest.xml:20:9-23:59
101            android:name="com.mopub.common.privacy.ConsentDialogActivity"
101-->[:com.mopub.mopub-sdk-base-5.17.0:] AndroidManifest.xml:21:13-74
102            android:configChanges="keyboardHidden|orientation|screenSize"
102-->[:com.mopub.mopub-sdk-base-5.17.0:] AndroidManifest.xml:22:13-74
103            android:theme="@style/MoPubFullscreenTheme" />
103-->[:com.mopub.mopub-sdk-base-5.17.0:] AndroidManifest.xml:23:13-56
104        <activity
104-->[:com.mopub.mopub-sdk-fullscreen-5.17.0:] AndroidManifest.xml:12:9-15:59
105            android:name="com.mopub.mobileads.MoPubFullscreenActivity"
105-->[:com.mopub.mopub-sdk-fullscreen-5.17.0:] AndroidManifest.xml:13:13-71
106            android:configChanges="keyboardHidden|orientation|screenSize"
106-->[:com.mopub.mopub-sdk-fullscreen-5.17.0:] AndroidManifest.xml:14:13-74
107            android:theme="@style/MoPubFullscreenTheme" />
107-->[:com.mopub.mopub-sdk-fullscreen-5.17.0:] AndroidManifest.xml:15:13-56
108        <activity
108-->[:com.unity3d.ads.unity-ads-3.7.1:] AndroidManifest.xml:15:9-19:74
109            android:name="com.unity3d.services.ads.adunit.AdUnitActivity"
109-->[:com.unity3d.ads.unity-ads-3.7.1:] AndroidManifest.xml:16:13-74
110            android:configChanges="fontScale|keyboard|keyboardHidden|locale|mnc|mcc|navigation|orientation|screenLayout|screenSize|smallestScreenSize|uiMode|touchscreen"
110-->[:com.unity3d.ads.unity-ads-3.7.1:] AndroidManifest.xml:17:13-170
111            android:hardwareAccelerated="true"
111-->[:com.unity3d.ads.unity-ads-3.7.1:] AndroidManifest.xml:18:13-47
112            android:theme="@android:style/Theme.NoTitleBar.Fullscreen" />
112-->[:com.unity3d.ads.unity-ads-3.7.1:] AndroidManifest.xml:19:13-71
113        <activity
113-->[:com.unity3d.ads.unity-ads-3.7.1:] AndroidManifest.xml:20:9-24:86
114            android:name="com.unity3d.services.ads.adunit.AdUnitTransparentActivity"
114-->[:com.unity3d.ads.unity-ads-3.7.1:] AndroidManifest.xml:21:13-85
115            android:configChanges="fontScale|keyboard|keyboardHidden|locale|mnc|mcc|navigation|orientation|screenLayout|screenSize|smallestScreenSize|uiMode|touchscreen"
115-->[:com.unity3d.ads.unity-ads-3.7.1:] AndroidManifest.xml:22:13-170
116            android:hardwareAccelerated="true"
116-->[:com.unity3d.ads.unity-ads-3.7.1:] AndroidManifest.xml:23:13-47
117            android:theme="@android:style/Theme.Translucent.NoTitleBar.Fullscreen" />
117-->[:com.unity3d.ads.unity-ads-3.7.1:] AndroidManifest.xml:24:13-83
118        <activity
118-->[:com.unity3d.ads.unity-ads-3.7.1:] AndroidManifest.xml:25:9-29:86
119            android:name="com.unity3d.services.ads.adunit.AdUnitTransparentSoftwareActivity"
119-->[:com.unity3d.ads.unity-ads-3.7.1:] AndroidManifest.xml:26:13-93
120            android:configChanges="fontScale|keyboard|keyboardHidden|locale|mnc|mcc|navigation|orientation|screenLayout|screenSize|smallestScreenSize|uiMode|touchscreen"
120-->[:com.unity3d.ads.unity-ads-3.7.1:] AndroidManifest.xml:27:13-170
121            android:hardwareAccelerated="false"
121-->[:com.unity3d.ads.unity-ads-3.7.1:] AndroidManifest.xml:28:13-48
122            android:theme="@android:style/Theme.Translucent.NoTitleBar.Fullscreen" />
122-->[:com.unity3d.ads.unity-ads-3.7.1:] AndroidManifest.xml:29:13-83
123        <activity
123-->[:com.unity3d.ads.unity-ads-3.7.1:] AndroidManifest.xml:30:9-34:74
124            android:name="com.unity3d.services.ads.adunit.AdUnitSoftwareActivity"
124-->[:com.unity3d.ads.unity-ads-3.7.1:] AndroidManifest.xml:31:13-82
125            android:configChanges="fontScale|keyboard|keyboardHidden|locale|mnc|mcc|navigation|orientation|screenLayout|screenSize|smallestScreenSize|uiMode|touchscreen"
125-->[:com.unity3d.ads.unity-ads-3.7.1:] AndroidManifest.xml:32:13-170
126            android:hardwareAccelerated="false"
126-->[:com.unity3d.ads.unity-ads-3.7.1:] AndroidManifest.xml:33:13-48
127            android:theme="@android:style/Theme.NoTitleBar.Fullscreen" />
127-->[:com.unity3d.ads.unity-ads-3.7.1:] AndroidManifest.xml:34:13-71
128    </application>
129
130</manifest>